<?xml version="1.0" encoding="UTF-8"?>
<testsuite xmlns:xsi="http://www.w3.org/2001/XMLSchema-instance" xsi:noNamespaceSchemaLocation="https://maven.apache.org/surefire/maven-surefire-plugin/xsd/surefire-test-report.xsd" name="com.thefallersgames.MinecraftVersionCompatibilityTest" time="2.572" tests="15" errors="0" skipped="0" failures="0">
  <properties>
[...]
</properties>
  <testcase name="testPluginInitialization[Bukkit 1.8.8-R0.1-SNAPSHOT]" classname="com.thefallersgames.MinecraftVersionCompatibilityTest" time="1.239"/>
  <testcase name="testPluginInitialization[Bukkit 1.9.4-R0.1-SNAPSHOT]" classname="com.thefallersgames.MinecraftVersionCompatibilityTest" time="0.005"/>
  <testcase name="testPluginInitialization[Bukkit 1.10.2-R0.1-SNAPSHOT]" classname="com.thefallersgames.MinecraftVersionCompatibilityTest" time="0.004"/>
  <testcase name="testPluginInitialization[Bukkit 1.11.2-R0.1-SNAPSHOT]" classname="com.thefallersgames.MinecraftVersionCompatibilityTest" time="0.003"/>
  <testcase name="testPluginInitialization[Bukkit 1.12.2-R0.1-SNAPSHOT]" classname="com.thefallersgames.MinecraftVersionCompatibilityTest" time="0.003"/>
  <testcase name="testPluginInitialization[Bukkit 1.13.2-R0.1-SNAPSHOT]" classname="com.thefallersgames.MinecraftVersionCompatibilityTest" time="0.003"/>
  <testcase name="testPluginInitialization[Bukkit 1.14.4-R0.1-SNAPSHOT]" classname="com.thefallersgames.MinecraftVersionCompatibilityTest" time="0.003"/>
  <testcase name="testPluginInitialization[Bukkit 1.15.2-R0.1-SNAPSHOT]" classname="com.thefallersgames.MinecraftVersionCompatibilityTest" time="0.003"/>
  <testcase name="testPluginInitialization[Bukkit 1.16.5-R0.1-SNAPSHOT]" classname="com.thefallersgames.MinecraftVersionCompatibilityTest" time="0.003"/>
  <testcase name="testPluginInitialization[Bukkit 1.17.1-R0.1-SNAPSHOT]" classname="com.thefallersgames.MinecraftVersionCompatibilityTest" time="0.003"/>
  <testcase name="testPluginInitialization[Bukkit 1.18.2-R0.1-SNAPSHOT]" classname="com.thefallersgames.MinecraftVersionCompatibilityTest" time="0.003"/>
  <testcase name="testPluginInitialization[Bukkit 1.19.4-R0.1-SNAPSHOT]" classname="com.thefallersgames.MinecraftVersionCompatibilityTest" time="0.004"/>
  <testcase name="testPluginInitialization[Bukkit 1.20.1-R0.1-SNAPSHOT]" classname="com.thefallersgames.MinecraftVersionCompatibilityTest" time="0.004"/>
  <testcase name="testPluginInitialization[Bukkit 1.20.4-R0.1-SNAPSHOT]" classname="com.thefallersgames.MinecraftVersionCompatibilityTest" time="0.002"/>
  <testcase name="testPluginInitialization[Bukkit 1.20.5-R0.1-SNAPSHOT]" classname="com.thefallersgames.MinecraftVersionCompatibilityTest" time="0.002"/>
</testsuite>